

Started GET "/" for 127.0.0.1 at 2015-09-06 11:00:21 +0700
Processing by Rails::WelcomeController#index as HTML
  Rendered /home/chienpv/.rvm/gems/ruby-2.2.0/gems/railties-4.2.3/lib/rails/templates/rails/welcome/index.html.erb (17.2ms)
Completed 200 OK in 93ms (Views: 79.0ms | ActiveRecord: 0.0ms)
  [1m[36m (150.4ms)[0m  [1mCREATE TABLE `schema_migrations` (`version` varchar(255) NOT NULL) ENGINE=InnoDB[0m
  [1m[35m (243.4ms)[0m  CREATE UNIQUE INDEX `unique_schema_migrations`  ON `schema_migrations` (`version`) 
  [1m[36mActiveRecord::SchemaMigration Load (0.3ms)[0m  [1mSELECT `schema_migrations`.* FROM `schema_migrations`[0m
Migrating to DeviseCreateUsers (20150906041549)
  [1m[35m (78.8ms)[0m  CREATE TABLE `users` (`id` int(11) auto_increment PRIMARY KEY, `email` varchar(255) DEFAULT '' NOT NULL, `encrypted_password` varchar(255) DEFAULT '' NOT NULL, `reset_password_token` varchar(255), `reset_password_sent_at` datetime, `remember_created_at` datetime, `sign_in_count` int(11) DEFAULT 0 NOT NULL, `current_sign_in_at` datetime, `last_sign_in_at` datetime, `current_sign_in_ip` varchar(255), `last_sign_in_ip` varchar(255), `created_at` datetime NOT NULL, `updated_at` datetime NOT NULL) ENGINE=InnoDB
  [1m[36m (122.3ms)[0m  [1mCREATE UNIQUE INDEX `index_users_on_email`  ON `users` (`email`) [0m
  [1m[35m (99.5ms)[0m  CREATE UNIQUE INDEX `index_users_on_reset_password_token`  ON `users` (`reset_password_token`) 
  [1m[36m (0.2ms)[0m  [1mBEGIN[0m
  [1m[35mSQL (0.3ms)[0m  INSERT INTO `schema_migrations` (`version`) VALUES ('20150906041549')
  [1m[36m (26.2ms)[0m  [1mCOMMIT[0m
  [1m[35mActiveRecord::SchemaMigration Load (0.3ms)[0m  SELECT `schema_migrations`.* FROM `schema_migrations`
  [1m[36m (0.4ms)[0m  [1mSELECT fk.referenced_table_name as 'to_table'
      ,fk.referenced_column_name as 'primary_key'
      ,fk.column_name as 'column'
      ,fk.constraint_name as 'name'
FROM information_schema.key_column_usage fk
WHERE fk.referenced_column_name is not null
  AND fk.table_schema = 'web_sell_laptop_development'
  AND fk.table_name = 'users'
[0m
  [1m[35m (0.2ms)[0m  SHOW CREATE TABLE `users`


Started GET "/" for 127.0.0.1 at 2015-09-06 11:17:25 +0700

NoMethodError (undefined method `devise_for' for #<ActionDispatch::Routing::Mapper:0x00000004c42e40>):
  config/routes.rb:4:in `block in <top (required)>'
  config/routes.rb:1:in `<top (required)>'


  Rendered /home/chienpv/.rvm/gems/ruby-2.2.0/gems/actionpack-4.2.3/lib/action_dispatch/middleware/templates/rescues/_source.erb (5.2ms)
  Rendered /home/chienpv/.rvm/gems/ruby-2.2.0/gems/actionpack-4.2.3/lib/action_dispatch/middleware/templates/rescues/_trace.html.erb (2.7ms)
  Rendered /home/chienpv/.rvm/gems/ruby-2.2.0/gems/actionpack-4.2.3/lib/action_dispatch/middleware/templates/rescues/_request_and_response.html.erb (1.1ms)
  Rendered /home/chienpv/.rvm/gems/ruby-2.2.0/gems/actionpack-4.2.3/lib/action_dispatch/middleware/templates/rescues/diagnostics.html.erb within rescues/layout (27.9ms)
  Rendered /home/chienpv/.rvm/gems/ruby-2.2.0/gems/web-console-2.2.1/lib/web_console/templates/_markup.html.erb (0.4ms)
  Rendered /home/chienpv/.rvm/gems/ruby-2.2.0/gems/web-console-2.2.1/lib/web_console/templates/_inner_console_markup.html.erb within layouts/inlined_string (0.4ms)
  Rendered /home/chienpv/.rvm/gems/ruby-2.2.0/gems/web-console-2.2.1/lib/web_console/templates/_prompt_box_markup.html.erb within layouts/inlined_string (0.6ms)
  Rendered /home/chienpv/.rvm/gems/ruby-2.2.0/gems/web-console-2.2.1/lib/web_console/templates/style.css.erb within layouts/inlined_string (0.5ms)
  Rendered /home/chienpv/.rvm/gems/ruby-2.2.0/gems/web-console-2.2.1/lib/web_console/templates/console.js.erb within layouts/javascript (25.3ms)
  Rendered /home/chienpv/.rvm/gems/ruby-2.2.0/gems/web-console-2.2.1/lib/web_console/templates/main.js.erb within layouts/javascript (0.4ms)
  Rendered /home/chienpv/.rvm/gems/ruby-2.2.0/gems/web-console-2.2.1/lib/web_console/templates/error_page.js.erb within layouts/javascript (0.5ms)
  Rendered /home/chienpv/.rvm/gems/ruby-2.2.0/gems/web-console-2.2.1/lib/web_console/templates/index.html.erb (58.3ms)


Started GET "/" for 127.0.0.1 at 2015-09-06 11:31:57 +0700

NoMethodError (undefined method `devise_scope' for #<ActionDispatch::Routing::Mapper:0x00000002bc8ed0>):
  config/routes.rb:5:in `block in <top (required)>'
  config/routes.rb:1:in `<top (required)>'


  Rendered /home/chienpv/.rvm/gems/ruby-2.2.0/gems/actionpack-4.2.3/lib/action_dispatch/middleware/templates/rescues/_source.erb (3.9ms)
  Rendered /home/chienpv/.rvm/gems/ruby-2.2.0/gems/actionpack-4.2.3/lib/action_dispatch/middleware/templates/rescues/_trace.html.erb (2.0ms)
  Rendered /home/chienpv/.rvm/gems/ruby-2.2.0/gems/actionpack-4.2.3/lib/action_dispatch/middleware/templates/rescues/_request_and_response.html.erb (0.9ms)
  Rendered /home/chienpv/.rvm/gems/ruby-2.2.0/gems/actionpack-4.2.3/lib/action_dispatch/middleware/templates/rescues/diagnostics.html.erb within rescues/layout (20.9ms)
  Rendered /home/chienpv/.rvm/gems/ruby-2.2.0/gems/web-console-2.2.1/lib/web_console/templates/_markup.html.erb (0.3ms)
  Rendered /home/chienpv/.rvm/gems/ruby-2.2.0/gems/web-console-2.2.1/lib/web_console/templates/_inner_console_markup.html.erb within layouts/inlined_string (0.3ms)
  Rendered /home/chienpv/.rvm/gems/ruby-2.2.0/gems/web-console-2.2.1/lib/web_console/templates/_prompt_box_markup.html.erb within layouts/inlined_string (0.3ms)
  Rendered /home/chienpv/.rvm/gems/ruby-2.2.0/gems/web-console-2.2.1/lib/web_console/templates/style.css.erb within layouts/inlined_string (0.4ms)
  Rendered /home/chienpv/.rvm/gems/ruby-2.2.0/gems/web-console-2.2.1/lib/web_console/templates/console.js.erb within layouts/javascript (16.3ms)
  Rendered /home/chienpv/.rvm/gems/ruby-2.2.0/gems/web-console-2.2.1/lib/web_console/templates/main.js.erb within layouts/javascript (0.3ms)
  Rendered /home/chienpv/.rvm/gems/ruby-2.2.0/gems/web-console-2.2.1/lib/web_console/templates/error_page.js.erb within layouts/javascript (0.4ms)
  Rendered /home/chienpv/.rvm/gems/ruby-2.2.0/gems/web-console-2.2.1/lib/web_console/templates/index.html.erb (31.8ms)


Started GET "/" for 127.0.0.1 at 2015-09-06 11:32:31 +0700

NoMethodError (undefined method `devise_for' for #<ActionDispatch::Routing::Mapper:0x000000049a1a38>):
  config/routes.rb:9:in `block in <top (required)>'
  config/routes.rb:1:in `<top (required)>'


  Rendered /home/chienpv/.rvm/gems/ruby-2.2.0/gems/actionpack-4.2.3/lib/action_dispatch/middleware/templates/rescues/_source.erb (4.2ms)
  Rendered /home/chienpv/.rvm/gems/ruby-2.2.0/gems/actionpack-4.2.3/lib/action_dispatch/middleware/templates/rescues/_trace.html.erb (2.5ms)
  Rendered /home/chienpv/.rvm/gems/ruby-2.2.0/gems/actionpack-4.2.3/lib/action_dispatch/middleware/templates/rescues/_request_and_response.html.erb (0.9ms)
  Rendered /home/chienpv/.rvm/gems/ruby-2.2.0/gems/actionpack-4.2.3/lib/action_dispatch/middleware/templates/rescues/diagnostics.html.erb within rescues/layout (22.8ms)
  Rendered /home/chienpv/.rvm/gems/ruby-2.2.0/gems/web-console-2.2.1/lib/web_console/templates/_markup.html.erb (0.4ms)
  Rendered /home/chienpv/.rvm/gems/ruby-2.2.0/gems/web-console-2.2.1/lib/web_console/templates/_inner_console_markup.html.erb within layouts/inlined_string (0.3ms)
  Rendered /home/chienpv/.rvm/gems/ruby-2.2.0/gems/web-console-2.2.1/lib/web_console/templates/_prompt_box_markup.html.erb within layouts/inlined_string (0.4ms)
  Rendered /home/chienpv/.rvm/gems/ruby-2.2.0/gems/web-console-2.2.1/lib/web_console/templates/style.css.erb within layouts/inlined_string (0.4ms)
  Rendered /home/chienpv/.rvm/gems/ruby-2.2.0/gems/web-console-2.2.1/lib/web_console/templates/console.js.erb within layouts/javascript (17.2ms)
  Rendered /home/chienpv/.rvm/gems/ruby-2.2.0/gems/web-console-2.2.1/lib/web_console/templates/main.js.erb within layouts/javascript (0.3ms)
  Rendered /home/chienpv/.rvm/gems/ruby-2.2.0/gems/web-console-2.2.1/lib/web_console/templates/error_page.js.erb within layouts/javascript (0.4ms)
  Rendered /home/chienpv/.rvm/gems/ruby-2.2.0/gems/web-console-2.2.1/lib/web_console/templates/index.html.erb (33.4ms)


Started GET "/" for 127.0.0.1 at 2015-09-06 11:34:32 +0700

NoMethodError (undefined method `devise_scope' for #<ActionDispatch::Routing::Mapper:0x00000001efc440>):
  config/routes.rb:5:in `block in <top (required)>'
  config/routes.rb:1:in `<top (required)>'


  Rendered /home/chienpv/.rvm/gems/ruby-2.2.0/gems/actionpack-4.2.3/lib/action_dispatch/middleware/templates/rescues/_source.erb (4.2ms)
  Rendered /home/chienpv/.rvm/gems/ruby-2.2.0/gems/actionpack-4.2.3/lib/action_dispatch/middleware/templates/rescues/_trace.html.erb (2.5ms)
  Rendered /home/chienpv/.rvm/gems/ruby-2.2.0/gems/actionpack-4.2.3/lib/action_dispatch/middleware/templates/rescues/_request_and_response.html.erb (1.0ms)
  Rendered /home/chienpv/.rvm/gems/ruby-2.2.0/gems/actionpack-4.2.3/lib/action_dispatch/middleware/templates/rescues/diagnostics.html.erb within rescues/layout (22.0ms)
  Rendered /home/chienpv/.rvm/gems/ruby-2.2.0/gems/web-console-2.2.1/lib/web_console/templates/_markup.html.erb (0.4ms)
  Rendered /home/chienpv/.rvm/gems/ruby-2.2.0/gems/web-console-2.2.1/lib/web_console/templates/_inner_console_markup.html.erb within layouts/inlined_string (0.3ms)
  Rendered /home/chienpv/.rvm/gems/ruby-2.2.0/gems/web-console-2.2.1/lib/web_console/templates/_prompt_box_markup.html.erb within layouts/inlined_string (0.2ms)
  Rendered /home/chienpv/.rvm/gems/ruby-2.2.0/gems/web-console-2.2.1/lib/web_console/templates/style.css.erb within layouts/inlined_string (0.3ms)
  Rendered /home/chienpv/.rvm/gems/ruby-2.2.0/gems/web-console-2.2.1/lib/web_console/templates/console.js.erb within layouts/javascript (16.6ms)
  Rendered /home/chienpv/.rvm/gems/ruby-2.2.0/gems/web-console-2.2.1/lib/web_console/templates/main.js.erb within layouts/javascript (0.3ms)
  Rendered /home/chienpv/.rvm/gems/ruby-2.2.0/gems/web-console-2.2.1/lib/web_console/templates/error_page.js.erb within layouts/javascript (0.4ms)
  Rendered /home/chienpv/.rvm/gems/ruby-2.2.0/gems/web-console-2.2.1/lib/web_console/templates/index.html.erb (32.6ms)


Started GET "/" for 127.0.0.1 at 2015-09-06 11:35:19 +0700
  [1m[36mActiveRecord::SchemaMigration Load (0.2ms)[0m  [1mSELECT `schema_migrations`.* FROM `schema_migrations`[0m

ActiveRecord::PendingMigrationError (

Migrations are pending. To resolve this issue, run:

	bin/rake db:migrate RAILS_ENV=development

):
  vendor/bundle/ruby/2.2.0/gems/activerecord-4.2.3/lib/active_record/migration.rb:392:in `check_pending!'
  vendor/bundle/ruby/2.2.0/gems/activerecord-4.2.3/lib/active_record/migration.rb:373:in `call'
  vendor/bundle/ruby/2.2.0/gems/actionpack-4.2.3/lib/action_dispatch/middleware/callbacks.rb:29:in `block in call'
  vendor/bundle/ruby/2.2.0/gems/activesupport-4.2.3/lib/active_support/callbacks.rb:84:in `run_callbacks'
  vendor/bundle/ruby/2.2.0/gems/actionpack-4.2.3/lib/action_dispatch/middleware/callbacks.rb:27:in `call'
  vendor/bundle/ruby/2.2.0/gems/actionpack-4.2.3/lib/action_dispatch/middleware/reloader.rb:73:in `call'
  vendor/bundle/ruby/2.2.0/gems/actionpack-4.2.3/lib/action_dispatch/middleware/remote_ip.rb:78:in `call'
  vendor/bundle/ruby/2.2.0/gems/actionpack-4.2.3/lib/action_dispatch/middleware/debug_exceptions.rb:17:in `call'
  vendor/bundle/ruby/2.2.0/gems/web-console-2.2.1/lib/web_console/middleware.rb:39:in `call'
  vendor/bundle/ruby/2.2.0/gems/actionpack-4.2.3/lib/action_dispatch/middleware/show_exceptions.rb:30:in `call'
  vendor/bundle/ruby/2.2.0/gems/railties-4.2.3/lib/rails/rack/logger.rb:38:in `call_app'
  vendor/bundle/ruby/2.2.0/gems/railties-4.2.3/lib/rails/rack/logger.rb:20:in `block in call'
  vendor/bundle/ruby/2.2.0/gems/activesupport-4.2.3/lib/active_support/tagged_logging.rb:68:in `block in tagged'
  vendor/bundle/ruby/2.2.0/gems/activesupport-4.2.3/lib/active_support/tagged_logging.rb:26:in `tagged'
  vendor/bundle/ruby/2.2.0/gems/activesupport-4.2.3/lib/active_support/tagged_logging.rb:68:in `tagged'
  vendor/bundle/ruby/2.2.0/gems/railties-4.2.3/lib/rails/rack/logger.rb:20:in `call'
  vendor/bundle/ruby/2.2.0/gems/actionpack-4.2.3/lib/action_dispatch/middleware/request_id.rb:21:in `call'
  vendor/bundle/ruby/2.2.0/gems/rack-1.6.4/lib/rack/methodoverride.rb:22:in `call'
  vendor/bundle/ruby/2.2.0/gems/rack-1.6.4/lib/rack/runtime.rb:18:in `call'
  vendor/bundle/ruby/2.2.0/gems/activesupport-4.2.3/lib/active_support/cache/strategy/local_cache_middleware.rb:28:in `call'
  vendor/bundle/ruby/2.2.0/gems/rack-1.6.4/lib/rack/lock.rb:17:in `call'
  vendor/bundle/ruby/2.2.0/gems/actionpack-4.2.3/lib/action_dispatch/middleware/static.rb:116:in `call'
  vendor/bundle/ruby/2.2.0/gems/rack-1.6.4/lib/rack/sendfile.rb:113:in `call'
  vendor/bundle/ruby/2.2.0/gems/railties-4.2.3/lib/rails/engine.rb:518:in `call'
  vendor/bundle/ruby/2.2.0/gems/railties-4.2.3/lib/rails/application.rb:165:in `call'
  vendor/bundle/ruby/2.2.0/gems/rack-1.6.4/lib/rack/lock.rb:17:in `call'
  vendor/bundle/ruby/2.2.0/gems/rack-1.6.4/lib/rack/content_length.rb:15:in `call'
  vendor/bundle/ruby/2.2.0/gems/rack-1.6.4/lib/rack/handler/webrick.rb:88:in `service'
  /home/chienpv/.rvm/rubies/ruby-2.2.0/lib/ruby/2.2.0/webrick/httpserver.rb:138:in `service'
  /home/chienpv/.rvm/rubies/ruby-2.2.0/lib/ruby/2.2.0/webrick/httpserver.rb:94:in `run'
  /home/chienpv/.rvm/rubies/ruby-2.2.0/lib/ruby/2.2.0/webrick/server.rb:294:in `block in start_thread'


  Rendered vendor/bundle/ruby/2.2.0/gems/actionpack-4.2.3/lib/action_dispatch/middleware/templates/rescues/_source.erb (3.3ms)
  Rendered vendor/bundle/ruby/2.2.0/gems/actionpack-4.2.3/lib/action_dispatch/middleware/templates/rescues/_trace.html.erb (2.0ms)
  Rendered vendor/bundle/ruby/2.2.0/gems/actionpack-4.2.3/lib/action_dispatch/middleware/templates/rescues/_request_and_response.html.erb (1.2ms)
  Rendered vendor/bundle/ruby/2.2.0/gems/actionpack-4.2.3/lib/action_dispatch/middleware/templates/rescues/diagnostics.html.erb within rescues/layout (30.5ms)
  Rendered vendor/bundle/ruby/2.2.0/gems/web-console-2.2.1/lib/web_console/templates/_markup.html.erb (0.4ms)
  Rendered vendor/bundle/ruby/2.2.0/gems/web-console-2.2.1/lib/web_console/templates/_inner_console_markup.html.erb within layouts/inlined_string (0.4ms)
  Rendered vendor/bundle/ruby/2.2.0/gems/web-console-2.2.1/lib/web_console/templates/_prompt_box_markup.html.erb within layouts/inlined_string (0.4ms)
  Rendered vendor/bundle/ruby/2.2.0/gems/web-console-2.2.1/lib/web_console/templates/style.css.erb within layouts/inlined_string (0.4ms)
  Rendered vendor/bundle/ruby/2.2.0/gems/web-console-2.2.1/lib/web_console/templates/console.js.erb within layouts/javascript (21.6ms)
  Rendered vendor/bundle/ruby/2.2.0/gems/web-console-2.2.1/lib/web_console/templates/main.js.erb within layouts/javascript (0.3ms)
  Rendered vendor/bundle/ruby/2.2.0/gems/web-console-2.2.1/lib/web_console/templates/error_page.js.erb within layouts/javascript (0.4ms)
  Rendered vendor/bundle/ruby/2.2.0/gems/web-console-2.2.1/lib/web_console/templates/index.html.erb (44.9ms)
  [1m[36mActiveRecord::SchemaMigration Load (0.2ms)[0m  [1mSELECT `schema_migrations`.* FROM `schema_migrations`[0m
Migrating to CreateIdentities (20150906042233)
  [1m[35m (134.5ms)[0m  CREATE TABLE `identities` (`id` int(11) auto_increment PRIMARY KEY, `user_id` int(11), `provider` varchar(255), `accesstoken` varchar(255), `refreshtoken` varchar(255), `uid` varchar(255), `name` varchar(255), `email` varchar(255), `nickname` varchar(255), `image` varchar(255), `phone` varchar(255), `urls` varchar(255), `created_at` datetime NOT NULL, `updated_at` datetime NOT NULL,  INDEX `index_identities_on_user_id`  (`user_id`) ) ENGINE=InnoDB
  [1m[36m (300.4ms)[0m  [1mALTER TABLE `identities` ADD CONSTRAINT `fk_rails_5373344100`
FOREIGN KEY (`user_id`)
  REFERENCES `users` (`id`)
[0m
  [1m[35m (0.2ms)[0m  BEGIN
  [1m[36mSQL (0.3ms)[0m  [1mINSERT INTO `schema_migrations` (`version`) VALUES ('20150906042233')[0m
  [1m[35m (33.7ms)[0m  COMMIT
  [1m[36mActiveRecord::SchemaMigration Load (0.4ms)[0m  [1mSELECT `schema_migrations`.* FROM `schema_migrations`[0m
  [1m[35m (0.5ms)[0m  SELECT fk.referenced_table_name as 'to_table'
      ,fk.referenced_column_name as 'primary_key'
      ,fk.column_name as 'column'
      ,fk.constraint_name as 'name'
FROM information_schema.key_column_usage fk
WHERE fk.referenced_column_name is not null
  AND fk.table_schema = 'web_sell_laptop_development'
  AND fk.table_name = 'identities'

  [1m[36m (0.3ms)[0m  [1mSHOW CREATE TABLE `identities`[0m
  [1m[35m (0.4ms)[0m  SELECT fk.referenced_table_name as 'to_table'
      ,fk.referenced_column_name as 'primary_key'
      ,fk.column_name as 'column'
      ,fk.constraint_name as 'name'
FROM information_schema.key_column_usage fk
WHERE fk.referenced_column_name is not null
  AND fk.table_schema = 'web_sell_laptop_development'
  AND fk.table_name = 'users'

  [1m[36m (0.2ms)[0m  [1mSHOW CREATE TABLE `users`[0m


Started GET "/" for 127.0.0.1 at 2015-09-06 11:36:11 +0700
  [1m[36mActiveRecord::SchemaMigration Load (0.2ms)[0m  [1mSELECT `schema_migrations`.* FROM `schema_migrations`[0m

ActionController::RoutingError (undefined method `before_action' for WelcomeController:Class):
  app/controllers/welcome_controller.rb:2:in `<class:WelcomeController>'
  app/controllers/welcome_controller.rb:1:in `<top (required)>'


  Rendered vendor/bundle/ruby/2.2.0/gems/actionpack-4.2.3/lib/action_dispatch/middleware/templates/rescues/_trace.html.erb (3.0ms)
  Rendered vendor/bundle/ruby/2.2.0/gems/actionpack-4.2.3/lib/action_dispatch/middleware/templates/routes/_route.html.erb (1.9ms)
  Rendered vendor/bundle/ruby/2.2.0/gems/actionpack-4.2.3/lib/action_dispatch/middleware/templates/routes/_table.html.erb (9.9ms)
  Rendered vendor/bundle/ruby/2.2.0/gems/actionpack-4.2.3/lib/action_dispatch/middleware/templates/rescues/_request_and_response.html.erb (10.4ms)
  Rendered vendor/bundle/ruby/2.2.0/gems/actionpack-4.2.3/lib/action_dispatch/middleware/templates/rescues/routing_error.html.erb within rescues/layout (60.3ms)
  Rendered vendor/bundle/ruby/2.2.0/gems/web-console-2.2.1/lib/web_console/templates/_markup.html.erb (0.4ms)
  Rendered vendor/bundle/ruby/2.2.0/gems/web-console-2.2.1/lib/web_console/templates/_inner_console_markup.html.erb within layouts/inlined_string (0.3ms)
  Rendered vendor/bundle/ruby/2.2.0/gems/web-console-2.2.1/lib/web_console/templates/_prompt_box_markup.html.erb within layouts/inlined_string (0.3ms)
  Rendered vendor/bundle/ruby/2.2.0/gems/web-console-2.2.1/lib/web_console/templates/style.css.erb within layouts/inlined_string (0.4ms)
  Rendered vendor/bundle/ruby/2.2.0/gems/web-console-2.2.1/lib/web_console/templates/console.js.erb within layouts/javascript (19.8ms)
  Rendered vendor/bundle/ruby/2.2.0/gems/web-console-2.2.1/lib/web_console/templates/main.js.erb within layouts/javascript (0.3ms)
  Rendered vendor/bundle/ruby/2.2.0/gems/web-console-2.2.1/lib/web_console/templates/error_page.js.erb within layouts/javascript (0.6ms)
  Rendered vendor/bundle/ruby/2.2.0/gems/web-console-2.2.1/lib/web_console/templates/index.html.erb (40.6ms)


Started GET "/" for 127.0.0.1 at 2015-09-06 11:36:50 +0700

NoMethodError (undefined method `action' for WelcomeController:Class):
  vendor/bundle/ruby/2.2.0/gems/actionpack-4.2.3/lib/action_dispatch/routing/route_set.rb:76:in `dispatch'
  vendor/bundle/ruby/2.2.0/gems/actionpack-4.2.3/lib/action_dispatch/routing/route_set.rb:45:in `serve'
  vendor/bundle/ruby/2.2.0/gems/actionpack-4.2.3/lib/action_dispatch/journey/router.rb:43:in `block in serve'
  vendor/bundle/ruby/2.2.0/gems/actionpack-4.2.3/lib/action_dispatch/journey/router.rb:30:in `each'
  vendor/bundle/ruby/2.2.0/gems/actionpack-4.2.3/lib/action_dispatch/journey/router.rb:30:in `serve'
  vendor/bundle/ruby/2.2.0/gems/actionpack-4.2.3/lib/action_dispatch/routing/route_set.rb:821:in `call'
  vendor/bundle/ruby/2.2.0/gems/omniauth-1.2.2/lib/omniauth/strategy.rb:186:in `call!'
  vendor/bundle/ruby/2.2.0/gems/omniauth-1.2.2/lib/omniauth/strategy.rb:164:in `call'
  vendor/bundle/ruby/2.2.0/gems/omniauth-1.2.2/lib/omniauth/strategy.rb:186:in `call!'
  vendor/bundle/ruby/2.2.0/gems/omniauth-1.2.2/lib/omniauth/strategy.rb:164:in `call'
  vendor/bundle/ruby/2.2.0/gems/omniauth-1.2.2/lib/omniauth/strategy.rb:186:in `call!'
  vendor/bundle/ruby/2.2.0/gems/omniauth-1.2.2/lib/omniauth/strategy.rb:164:in `call'
  vendor/bundle/ruby/2.2.0/gems/omniauth-1.2.2/lib/omniauth/strategy.rb:186:in `call!'
  vendor/bundle/ruby/2.2.0/gems/omniauth-1.2.2/lib/omniauth/strategy.rb:164:in `call'
  vendor/bundle/ruby/2.2.0/gems/warden-1.2.3/lib/warden/manager.rb:35:in `block in call'
  vendor/bundle/ruby/2.2.0/gems/warden-1.2.3/lib/warden/manager.rb:34:in `catch'
  vendor/bundle/ruby/2.2.0/gems/warden-1.2.3/lib/warden/manager.rb:34:in `call'
  vendor/bundle/ruby/2.2.0/gems/rack-1.6.4/lib/rack/etag.rb:24:in `call'
  vendor/bundle/ruby/2.2.0/gems/rack-1.6.4/lib/rack/conditionalget.rb:25:in `call'
  vendor/bundle/ruby/2.2.0/gems/rack-1.6.4/lib/rack/head.rb:13:in `call'
  vendor/bundle/ruby/2.2.0/gems/actionpack-4.2.3/lib/action_dispatch/middleware/params_parser.rb:27:in `call'
  vendor/bundle/ruby/2.2.0/gems/actionpack-4.2.3/lib/action_dispatch/middleware/flash.rb:260:in `call'
  vendor/bundle/ruby/2.2.0/gems/rack-1.6.4/lib/rack/session/abstract/id.rb:225:in `context'
  vendor/bundle/ruby/2.2.0/gems/rack-1.6.4/lib/rack/session/abstract/id.rb:220:in `call'
  vendor/bundle/ruby/2.2.0/gems/actionpack-4.2.3/lib/action_dispatch/middleware/cookies.rb:560:in `call'
  vendor/bundle/ruby/2.2.0/gems/activerecord-4.2.3/lib/active_record/query_cache.rb:36:in `call'
  vendor/bundle/ruby/2.2.0/gems/activerecord-4.2.3/lib/active_record/connection_adapters/abstract/connection_pool.rb:653:in `call'
  vendor/bundle/ruby/2.2.0/gems/activerecord-4.2.3/lib/active_record/migration.rb:377:in `call'
  vendor/bundle/ruby/2.2.0/gems/actionpack-4.2.3/lib/action_dispatch/middleware/callbacks.rb:29:in `block in call'
  vendor/bundle/ruby/2.2.0/gems/activesupport-4.2.3/lib/active_support/callbacks.rb:84:in `run_callbacks'
  vendor/bundle/ruby/2.2.0/gems/actionpack-4.2.3/lib/action_dispatch/middleware/callbacks.rb:27:in `call'
  vendor/bundle/ruby/2.2.0/gems/actionpack-4.2.3/lib/action_dispatch/middleware/reloader.rb:73:in `call'
  vendor/bundle/ruby/2.2.0/gems/actionpack-4.2.3/lib/action_dispatch/middleware/remote_ip.rb:78:in `call'
  vendor/bundle/ruby/2.2.0/gems/actionpack-4.2.3/lib/action_dispatch/middleware/debug_exceptions.rb:17:in `call'
  vendor/bundle/ruby/2.2.0/gems/web-console-2.2.1/lib/web_console/middleware.rb:39:in `call'
  vendor/bundle/ruby/2.2.0/gems/actionpack-4.2.3/lib/action_dispatch/middleware/show_exceptions.rb:30:in `call'
  vendor/bundle/ruby/2.2.0/gems/railties-4.2.3/lib/rails/rack/logger.rb:38:in `call_app'
  vendor/bundle/ruby/2.2.0/gems/railties-4.2.3/lib/rails/rack/logger.rb:20:in `block in call'
  vendor/bundle/ruby/2.2.0/gems/activesupport-4.2.3/lib/active_support/tagged_logging.rb:68:in `block in tagged'
  vendor/bundle/ruby/2.2.0/gems/activesupport-4.2.3/lib/active_support/tagged_logging.rb:26:in `tagged'
  vendor/bundle/ruby/2.2.0/gems/activesupport-4.2.3/lib/active_support/tagged_logging.rb:68:in `tagged'
  vendor/bundle/ruby/2.2.0/gems/railties-4.2.3/lib/rails/rack/logger.rb:20:in `call'
  vendor/bundle/ruby/2.2.0/gems/actionpack-4.2.3/lib/action_dispatch/middleware/request_id.rb:21:in `call'
  vendor/bundle/ruby/2.2.0/gems/rack-1.6.4/lib/rack/methodoverride.rb:22:in `call'
  vendor/bundle/ruby/2.2.0/gems/rack-1.6.4/lib/rack/runtime.rb:18:in `call'
  vendor/bundle/ruby/2.2.0/gems/activesupport-4.2.3/lib/active_support/cache/strategy/local_cache_middleware.rb:28:in `call'
  vendor/bundle/ruby/2.2.0/gems/rack-1.6.4/lib/rack/lock.rb:17:in `call'
  vendor/bundle/ruby/2.2.0/gems/actionpack-4.2.3/lib/action_dispatch/middleware/static.rb:116:in `call'
  vendor/bundle/ruby/2.2.0/gems/rack-1.6.4/lib/rack/sendfile.rb:113:in `call'
  vendor/bundle/ruby/2.2.0/gems/railties-4.2.3/lib/rails/engine.rb:518:in `call'
  vendor/bundle/ruby/2.2.0/gems/railties-4.2.3/lib/rails/application.rb:165:in `call'
  vendor/bundle/ruby/2.2.0/gems/rack-1.6.4/lib/rack/lock.rb:17:in `call'
  vendor/bundle/ruby/2.2.0/gems/rack-1.6.4/lib/rack/content_length.rb:15:in `call'
  vendor/bundle/ruby/2.2.0/gems/rack-1.6.4/lib/rack/handler/webrick.rb:88:in `service'
  /home/chienpv/.rvm/rubies/ruby-2.2.0/lib/ruby/2.2.0/webrick/httpserver.rb:138:in `service'
  /home/chienpv/.rvm/rubies/ruby-2.2.0/lib/ruby/2.2.0/webrick/httpserver.rb:94:in `run'
  /home/chienpv/.rvm/rubies/ruby-2.2.0/lib/ruby/2.2.0/webrick/server.rb:294:in `block in start_thread'


  Rendered vendor/bundle/ruby/2.2.0/gems/actionpack-4.2.3/lib/action_dispatch/middleware/templates/rescues/_source.erb (4.3ms)
  Rendered vendor/bundle/ruby/2.2.0/gems/actionpack-4.2.3/lib/action_dispatch/middleware/templates/rescues/_trace.html.erb (3.2ms)
  Rendered vendor/bundle/ruby/2.2.0/gems/actionpack-4.2.3/lib/action_dispatch/middleware/templates/rescues/_request_and_response.html.erb (1.2ms)
  Rendered vendor/bundle/ruby/2.2.0/gems/actionpack-4.2.3/lib/action_dispatch/middleware/templates/rescues/diagnostics.html.erb within rescues/layout (26.0ms)
  Rendered vendor/bundle/ruby/2.2.0/gems/web-console-2.2.1/lib/web_console/templates/_markup.html.erb (0.4ms)
  Rendered vendor/bundle/ruby/2.2.0/gems/web-console-2.2.1/lib/web_console/templates/_inner_console_markup.html.erb within layouts/inlined_string (0.5ms)
  Rendered vendor/bundle/ruby/2.2.0/gems/web-console-2.2.1/lib/web_console/templates/_prompt_box_markup.html.erb within layouts/inlined_string (0.4ms)
  Rendered vendor/bundle/ruby/2.2.0/gems/web-console-2.2.1/lib/web_console/templates/style.css.erb within layouts/inlined_string (1.7ms)
  Rendered vendor/bundle/ruby/2.2.0/gems/web-console-2.2.1/lib/web_console/templates/console.js.erb within layouts/javascript (37.9ms)
  Rendered vendor/bundle/ruby/2.2.0/gems/web-console-2.2.1/lib/web_console/templates/main.js.erb within layouts/javascript (0.4ms)
  Rendered vendor/bundle/ruby/2.2.0/gems/web-console-2.2.1/lib/web_console/templates/error_page.js.erb within layouts/javascript (0.4ms)
  Rendered vendor/bundle/ruby/2.2.0/gems/web-console-2.2.1/lib/web_console/templates/index.html.erb (58.9ms)


Started GET "/" for 127.0.0.1 at 2015-09-06 11:37:06 +0700

ActionController::RoutingError (undefined method `before_action' for WelcomeController:Class):
  app/controllers/welcome_controller.rb:2:in `<class:WelcomeController>'
  app/controllers/welcome_controller.rb:1:in `<top (required)>'


  Rendered vendor/bundle/ruby/2.2.0/gems/actionpack-4.2.3/lib/action_dispatch/middleware/templates/rescues/_trace.html.erb (3.0ms)
  Rendered vendor/bundle/ruby/2.2.0/gems/actionpack-4.2.3/lib/action_dispatch/middleware/templates/routes/_route.html.erb (1.9ms)
  Rendered vendor/bundle/ruby/2.2.0/gems/actionpack-4.2.3/lib/action_dispatch/middleware/templates/routes/_table.html.erb (1.4ms)
  Rendered vendor/bundle/ruby/2.2.0/gems/actionpack-4.2.3/lib/action_dispatch/middleware/templates/rescues/_request_and_response.html.erb (1.9ms)
  Rendered vendor/bundle/ruby/2.2.0/gems/actionpack-4.2.3/lib/action_dispatch/middleware/templates/rescues/routing_error.html.erb within rescues/layout (39.3ms)
  Rendered vendor/bundle/ruby/2.2.0/gems/web-console-2.2.1/lib/web_console/templates/_markup.html.erb (0.4ms)
  Rendered vendor/bundle/ruby/2.2.0/gems/web-console-2.2.1/lib/web_console/templates/_inner_console_markup.html.erb within layouts/inlined_string (0.4ms)
  Rendered vendor/bundle/ruby/2.2.0/gems/web-console-2.2.1/lib/web_console/templates/_prompt_box_markup.html.erb within layouts/inlined_string (0.4ms)
  Rendered vendor/bundle/ruby/2.2.0/gems/web-console-2.2.1/lib/web_console/templates/style.css.erb within layouts/inlined_string (0.5ms)
  Rendered vendor/bundle/ruby/2.2.0/gems/web-console-2.2.1/lib/web_console/templates/console.js.erb within layouts/javascript (20.2ms)
  Rendered vendor/bundle/ruby/2.2.0/gems/web-console-2.2.1/lib/web_console/templates/main.js.erb within layouts/javascript (0.4ms)
  Rendered vendor/bundle/ruby/2.2.0/gems/web-console-2.2.1/lib/web_console/templates/error_page.js.erb within layouts/javascript (0.4ms)
  Rendered vendor/bundle/ruby/2.2.0/gems/web-console-2.2.1/lib/web_console/templates/index.html.erb (38.9ms)


Started GET "/" for 127.0.0.1 at 2015-09-06 11:37:38 +0700

ActionController::RoutingError (Couldn't find OmniauthCallbacksHelper, expected it to be defined in helpers/omniauth_callbacks_helper.rb):
  app/controllers/application_controller.rb:1:in `<top (required)>'
  app/controllers/welcome_controller.rb:1:in `<top (required)>'


  Rendered vendor/bundle/ruby/2.2.0/gems/actionpack-4.2.3/lib/action_dispatch/middleware/templates/rescues/_trace.html.erb (3.1ms)
  Rendered vendor/bundle/ruby/2.2.0/gems/actionpack-4.2.3/lib/action_dispatch/middleware/templates/routes/_route.html.erb (2.2ms)
  Rendered vendor/bundle/ruby/2.2.0/gems/actionpack-4.2.3/lib/action_dispatch/middleware/templates/routes/_table.html.erb (1.8ms)
  Rendered vendor/bundle/ruby/2.2.0/gems/actionpack-4.2.3/lib/action_dispatch/middleware/templates/rescues/_request_and_response.html.erb (2.5ms)
  Rendered vendor/bundle/ruby/2.2.0/gems/actionpack-4.2.3/lib/action_dispatch/middleware/templates/rescues/routing_error.html.erb within rescues/layout (48.8ms)
  Rendered vendor/bundle/ruby/2.2.0/gems/web-console-2.2.1/lib/web_console/templates/_markup.html.erb (0.7ms)
  Rendered vendor/bundle/ruby/2.2.0/gems/web-console-2.2.1/lib/web_console/templates/_inner_console_markup.html.erb within layouts/inlined_string (0.4ms)
  Rendered vendor/bundle/ruby/2.2.0/gems/web-console-2.2.1/lib/web_console/templates/_prompt_box_markup.html.erb within layouts/inlined_string (0.4ms)
  Rendered vendor/bundle/ruby/2.2.0/gems/web-console-2.2.1/lib/web_console/templates/style.css.erb within layouts/inlined_string (0.6ms)
  Rendered vendor/bundle/ruby/2.2.0/gems/web-console-2.2.1/lib/web_console/templates/console.js.erb within layouts/javascript (22.3ms)
  Rendered vendor/bundle/ruby/2.2.0/gems/web-console-2.2.1/lib/web_console/templates/main.js.erb within layouts/javascript (0.3ms)
  Rendered vendor/bundle/ruby/2.2.0/gems/web-console-2.2.1/lib/web_console/templates/error_page.js.erb within layouts/javascript (0.8ms)
  Rendered vendor/bundle/ruby/2.2.0/gems/web-console-2.2.1/lib/web_console/templates/index.html.erb (44.0ms)


Started GET "/" for 127.0.0.1 at 2015-09-06 11:37:56 +0700
  [1m[36mActiveRecord::SchemaMigration Load (0.1ms)[0m  [1mSELECT `schema_migrations`.* FROM `schema_migrations`[0m

ActionController::RoutingError (Couldn't find OmniauthCallbacksHelper, expected it to be defined in helpers/omniauth_callbacks_helper.rb):
  app/controllers/application_controller.rb:1:in `<top (required)>'
  app/controllers/welcome_controller.rb:1:in `<top (required)>'


  Rendered vendor/bundle/ruby/2.2.0/gems/actionpack-4.2.3/lib/action_dispatch/middleware/templates/rescues/_trace.html.erb (2.8ms)
  Rendered vendor/bundle/ruby/2.2.0/gems/actionpack-4.2.3/lib/action_dispatch/middleware/templates/routes/_route.html.erb (2.2ms)
  Rendered vendor/bundle/ruby/2.2.0/gems/actionpack-4.2.3/lib/action_dispatch/middleware/templates/routes/_table.html.erb (11.5ms)
  Rendered vendor/bundle/ruby/2.2.0/gems/actionpack-4.2.3/lib/action_dispatch/middleware/templates/rescues/_request_and_response.html.erb (11.5ms)
  Rendered vendor/bundle/ruby/2.2.0/gems/actionpack-4.2.3/lib/action_dispatch/middleware/templates/rescues/routing_error.html.erb within rescues/layout (68.2ms)
  Rendered vendor/bundle/ruby/2.2.0/gems/web-console-2.2.1/lib/web_console/templates/_markup.html.erb (0.5ms)
  Rendered vendor/bundle/ruby/2.2.0/gems/web-console-2.2.1/lib/web_console/templates/_inner_console_markup.html.erb within layouts/inlined_string (0.5ms)
  Rendered vendor/bundle/ruby/2.2.0/gems/web-console-2.2.1/lib/web_console/templates/_prompt_box_markup.html.erb within layouts/inlined_string (0.3ms)
  Rendered vendor/bundle/ruby/2.2.0/gems/web-console-2.2.1/lib/web_console/templates/style.css.erb within layouts/inlined_string (0.4ms)
  Rendered vendor/bundle/ruby/2.2.0/gems/web-console-2.2.1/lib/web_console/templates/console.js.erb within layouts/javascript (20.6ms)
  Rendered vendor/bundle/ruby/2.2.0/gems/web-console-2.2.1/lib/web_console/templates/main.js.erb within layouts/javascript (0.4ms)
  Rendered vendor/bundle/ruby/2.2.0/gems/web-console-2.2.1/lib/web_console/templates/error_page.js.erb within layouts/javascript (0.5ms)
  Rendered vendor/bundle/ruby/2.2.0/gems/web-console-2.2.1/lib/web_console/templates/index.html.erb (43.3ms)


Started GET "/" for 127.0.0.1 at 2015-09-06 11:38:58 +0700

ActionController::RoutingError (Couldn't find OmniauthCallbacksHelper, expected it to be defined in helpers/omniauth_callbacks_helper.rb):
  app/controllers/application_controller.rb:1:in `<top (required)>'
  app/controllers/welcome_controller.rb:1:in `<top (required)>'


  Rendered vendor/bundle/ruby/2.2.0/gems/actionpack-4.2.3/lib/action_dispatch/middleware/templates/rescues/_trace.html.erb (3.5ms)
  Rendered vendor/bundle/ruby/2.2.0/gems/actionpack-4.2.3/lib/action_dispatch/middleware/templates/routes/_route.html.erb (2.0ms)
  Rendered vendor/bundle/ruby/2.2.0/gems/actionpack-4.2.3/lib/action_dispatch/middleware/templates/routes/_table.html.erb (2.5ms)
  Rendered vendor/bundle/ruby/2.2.0/gems/actionpack-4.2.3/lib/action_dispatch/middleware/templates/rescues/_request_and_response.html.erb (1.4ms)
  Rendered vendor/bundle/ruby/2.2.0/gems/actionpack-4.2.3/lib/action_dispatch/middleware/templates/rescues/routing_error.html.erb within rescues/layout (44.3ms)
  Rendered vendor/bundle/ruby/2.2.0/gems/web-console-2.2.1/lib/web_console/templates/_markup.html.erb (0.5ms)
  Rendered vendor/bundle/ruby/2.2.0/gems/web-console-2.2.1/lib/web_console/templates/_inner_console_markup.html.erb within layouts/inlined_string (0.5ms)
  Rendered vendor/bundle/ruby/2.2.0/gems/web-console-2.2.1/lib/web_console/templates/_prompt_box_markup.html.erb within layouts/inlined_string (0.6ms)
  Rendered vendor/bundle/ruby/2.2.0/gems/web-console-2.2.1/lib/web_console/templates/style.css.erb within layouts/inlined_string (0.4ms)
  Rendered vendor/bundle/ruby/2.2.0/gems/web-console-2.2.1/lib/web_console/templates/console.js.erb within layouts/javascript (21.6ms)
  Rendered vendor/bundle/ruby/2.2.0/gems/web-console-2.2.1/lib/web_console/templates/main.js.erb within layouts/javascript (0.4ms)
  Rendered vendor/bundle/ruby/2.2.0/gems/web-console-2.2.1/lib/web_console/templates/error_page.js.erb within layouts/javascript (0.5ms)
  Rendered vendor/bundle/ruby/2.2.0/gems/web-console-2.2.1/lib/web_console/templates/index.html.erb (42.7ms)


Started GET "/" for 127.0.0.1 at 2015-09-06 11:39:15 +0700

ActionController::RoutingError (Couldn't find OmniauthCallbacksHelper, expected it to be defined in helpers/omniauth_callbacks_helper.rb):
  app/controllers/application_controller.rb:1:in `<top (required)>'
  app/controllers/welcome_controller.rb:1:in `<top (required)>'


  Rendered vendor/bundle/ruby/2.2.0/gems/actionpack-4.2.3/lib/action_dispatch/middleware/templates/rescues/_trace.html.erb (3.5ms)
  Rendered vendor/bundle/ruby/2.2.0/gems/actionpack-4.2.3/lib/action_dispatch/middleware/templates/routes/_route.html.erb (2.3ms)
  Rendered vendor/bundle/ruby/2.2.0/gems/actionpack-4.2.3/lib/action_dispatch/middleware/templates/routes/_table.html.erb (1.8ms)
  Rendered vendor/bundle/ruby/2.2.0/gems/actionpack-4.2.3/lib/action_dispatch/middleware/templates/rescues/_request_and_response.html.erb (1.6ms)
  Rendered vendor/bundle/ruby/2.2.0/gems/actionpack-4.2.3/lib/action_dispatch/middleware/templates/rescues/routing_error.html.erb within rescues/layout (44.2ms)
  Rendered vendor/bundle/ruby/2.2.0/gems/web-console-2.2.1/lib/web_console/templates/_markup.html.erb (0.7ms)
  Rendered vendor/bundle/ruby/2.2.0/gems/web-console-2.2.1/lib/web_console/templates/_inner_console_markup.html.erb within layouts/inlined_string (0.3ms)
  Rendered vendor/bundle/ruby/2.2.0/gems/web-console-2.2.1/lib/web_console/templates/_prompt_box_markup.html.erb within layouts/inlined_string (0.6ms)
  Rendered vendor/bundle/ruby/2.2.0/gems/web-console-2.2.1/lib/web_console/templates/style.css.erb within layouts/inlined_string (0.4ms)
  Rendered vendor/bundle/ruby/2.2.0/gems/web-console-2.2.1/lib/web_console/templates/console.js.erb within layouts/javascript (20.9ms)
  Rendered vendor/bundle/ruby/2.2.0/gems/web-console-2.2.1/lib/web_console/templates/main.js.erb within layouts/javascript (0.3ms)
  Rendered vendor/bundle/ruby/2.2.0/gems/web-console-2.2.1/lib/web_console/templates/error_page.js.erb within layouts/javascript (0.5ms)
  Rendered vendor/bundle/ruby/2.2.0/gems/web-console-2.2.1/lib/web_console/templates/index.html.erb (41.1ms)


Started GET "/" for 127.0.0.1 at 2015-09-06 11:39:29 +0700

ActionController::RoutingError (Couldn't find OmniauthCallbacksHelper, expected it to be defined in helpers/omniauth_callbacks_helper.rb):
  app/controllers/application_controller.rb:1:in `<top (required)>'
  app/controllers/welcome_controller.rb:1:in `<top (required)>'


  Rendered vendor/bundle/ruby/2.2.0/gems/actionpack-4.2.3/lib/action_dispatch/middleware/templates/rescues/_trace.html.erb (4.1ms)
  Rendered vendor/bundle/ruby/2.2.0/gems/actionpack-4.2.3/lib/action_dispatch/middleware/templates/routes/_route.html.erb (2.6ms)
  Rendered vendor/bundle/ruby/2.2.0/gems/actionpack-4.2.3/lib/action_dispatch/middleware/templates/routes/_table.html.erb (1.9ms)
  Rendered vendor/bundle/ruby/2.2.0/gems/actionpack-4.2.3/lib/action_dispatch/middleware/templates/rescues/_request_and_response.html.erb (1.5ms)
  Rendered vendor/bundle/ruby/2.2.0/gems/actionpack-4.2.3/lib/action_dispatch/middleware/templates/rescues/routing_error.html.erb within rescues/layout (44.7ms)
  Rendered vendor/bundle/ruby/2.2.0/gems/web-console-2.2.1/lib/web_console/templates/_markup.html.erb (0.7ms)
  Rendered vendor/bundle/ruby/2.2.0/gems/web-console-2.2.1/lib/web_console/templates/_inner_console_markup.html.erb within layouts/inlined_string (0.4ms)
  Rendered vendor/bundle/ruby/2.2.0/gems/web-console-2.2.1/lib/web_console/templates/_prompt_box_markup.html.erb within layouts/inlined_string (0.6ms)
  Rendered vendor/bundle/ruby/2.2.0/gems/web-console-2.2.1/lib/web_console/templates/style.css.erb within layouts/inlined_string (0.6ms)
  Rendered vendor/bundle/ruby/2.2.0/gems/web-console-2.2.1/lib/web_console/templates/console.js.erb within layouts/javascript (22.7ms)
  Rendered vendor/bundle/ruby/2.2.0/gems/web-console-2.2.1/lib/web_console/templates/main.js.erb within layouts/javascript (0.3ms)
  Rendered vendor/bundle/ruby/2.2.0/gems/web-console-2.2.1/lib/web_console/templates/error_page.js.erb within layouts/javascript (0.6ms)
  Rendered vendor/bundle/ruby/2.2.0/gems/web-console-2.2.1/lib/web_console/templates/index.html.erb (43.6ms)


Started GET "/" for 127.0.0.1 at 2015-09-06 11:46:58 +0700
  [1m[36mActiveRecord::SchemaMigration Load (0.1ms)[0m  [1mSELECT `schema_migrations`.* FROM `schema_migrations`[0m
Processing by WelcomeController#index as HTML
Completed 401 Unauthorized in 17ms (ActiveRecord: 0.0ms)


Started GET "/users/sign_in" for 127.0.0.1 at 2015-09-06 11:46:58 +0700
Processing by Devise::SessionsController#new as HTML
  Rendered devise/shared/_links.html.erb (2.4ms)
  Rendered devise/sessions/new.html.erb within layouts/application (35.7ms)
Completed 200 OK in 2245ms (Views: 2219.6ms | ActiveRecord: 1.1ms)


Started GET "/assets/omniauth_callbacks.self-e3b0c44298fc1c149afbf4c8996fb92427ae41e4649b934ca495991b7852b855.css?body=1" for 127.0.0.1 at 2015-09-06 11:47:01 +0700


Started GET "/assets/application.self-e80e8f2318043e8af94dddc2adad5a4f09739a8ebb323b3ab31cd71d45fd9113.css?body=1" for 127.0.0.1 at 2015-09-06 11:47:01 +0700


Started GET "/assets/welcome.self-e3b0c44298fc1c149afbf4c8996fb92427ae41e4649b934ca495991b7852b855.css?body=1" for 127.0.0.1 at 2015-09-06 11:47:01 +0700


Started GET "/assets/registrations.self-e3b0c44298fc1c149afbf4c8996fb92427ae41e4649b934ca495991b7852b855.css?body=1" for 127.0.0.1 at 2015-09-06 11:47:01 +0700


Started GET "/assets/jquery.self-a714331225dda820228db323939889f149aec0127aeb06255646b616ba1ca419.js?body=1" for 127.0.0.1 at 2015-09-06 11:47:01 +0700


Started GET "/assets/jquery_ujs.self-d456baa54c1fa6be2ec3711f0a72ddf7a5b2f34a6b4f515f33767d6207b7d4b3.js?body=1" for 127.0.0.1 at 2015-09-06 11:47:01 +0700


Started GET "/assets/omniauth_callbacks.self-877aef30ae1b040ab8a3aba4e3e309a11d7f2612f44dde450b5c157aa5f95c05.js?body=1" for 127.0.0.1 at 2015-09-06 11:47:01 +0700


Started GET "/assets/application.self-3b8dabdc891efe46b9a144b400ad69e37d7e5876bdc39dee783419a69d7ca819.js?body=1" for 127.0.0.1 at 2015-09-06 11:47:01 +0700


Started POST "/users/sign_in" for 127.0.0.1 at 2015-09-06 11:47:06 +0700
Processing by Devise::SessionsController#create as HTML
  Parameters: {"utf8"=>"✓", "authenticity_token"=>"l3C8xQCyditArHQ6DfEE8i+0/hwcOzOQQUke/7AO8IQPVCOPVW5iC7hxiWUyW/bxevMchPs5dMjVpXEhSoAdtQ==", "user"=>{"email"=>"chien13@gmail.com", "password"=>"[FILTERED]", "remember_me"=>"0"}, "commit"=>"Log in"}
  [1m[35mFormUser Load (0.4ms)[0m  SELECT  `users`.* FROM `users` WHERE `users`.`email` = 'chien13@gmail.com'  ORDER BY `users`.`id` ASC LIMIT 1
Completed 401 Unauthorized in 18ms (ActiveRecord: 0.4ms)
Processing by Devise::SessionsController#new as HTML
  Parameters: {"utf8"=>"✓", "authenticity_token"=>"l3C8xQCyditArHQ6DfEE8i+0/hwcOzOQQUke/7AO8IQPVCOPVW5iC7hxiWUyW/bxevMchPs5dMjVpXEhSoAdtQ==", "user"=>{"email"=>"chien13@gmail.com", "password"=>"[FILTERED]", "remember_me"=>"0"}, "commit"=>"Log in"}
  Rendered devise/shared/_links.html.erb (2.0ms)
  Rendered devise/sessions/new.html.erb within layouts/application (7.0ms)
Completed 200 OK in 280ms (Views: 71.2ms | ActiveRecord: 0.0ms)


Started GET "/users/sign_up" for 127.0.0.1 at 2015-09-06 11:47:11 +0700
Processing by RegistrationsController#new as HTML
  Rendered devise/shared/_links.html.erb (2.4ms)
  Rendered devise/registrations/new.html.erb within layouts/application (9.9ms)
Completed 200 OK in 114ms (Views: 112.2ms | ActiveRecord: 0.0ms)


Started POST "/users" for 127.0.0.1 at 2015-09-06 11:47:25 +0700
Processing by RegistrationsController#create as HTML
  Parameters: {"utf8"=>"✓", "authenticity_token"=>"c7xSmWma47Mh9aLFr/nBtJy7TCuClSFq5ZWLx8VSPFzrmM3TPEb3k9koX5qQUzO3yfyus2WXZjJxeeQZP9zRbQ==", "user"=>{"email"=>"chien@gmail.com", "password"=>"[FILTERED]", "password_confirmation"=>"[FILTERED]"}, "commit"=>"Sign up"}
  [1m[36m (0.2ms)[0m  [1mBEGIN[0m
  [1m[35mFormUser Exists (0.3ms)[0m  SELECT  1 AS one FROM `users` WHERE `users`.`email` = BINARY 'chien@gmail.com' LIMIT 1
  [1m[36mSQL (0.3ms)[0m  [1mINSERT INTO `users` (`email`, `encrypted_password`, `created_at`, `updated_at`) VALUES ('chien@gmail.com', '$2a$10$3G9xWNwTZTfZmSlHmSksR.K5i0mPUjwJIsZ.51mikkYfxdM33ZwOa', '2015-09-06 04:47:25', '2015-09-06 04:47:25')[0m
  [1m[35m (38.3ms)[0m  COMMIT
  [1m[36m (0.1ms)[0m  [1mBEGIN[0m
  [1m[35mSQL (0.4ms)[0m  UPDATE `users` SET `last_sign_in_at` = '2015-09-06 04:47:25', `current_sign_in_at` = '2015-09-06 04:47:25', `last_sign_in_ip` = '127.0.0.1', `current_sign_in_ip` = '127.0.0.1', `sign_in_count` = 1, `updated_at` = '2015-09-06 04:47:25' WHERE `users`.`id` = 1
  [1m[36m (27.8ms)[0m  [1mCOMMIT[0m
Redirected to http://localhost:3000/
Completed 302 Found in 215ms (ActiveRecord: 67.4ms)


Started GET "/" for 127.0.0.1 at 2015-09-06 11:47:26 +0700
Processing by WelcomeController#index as HTML
  [1m[35mFormUser Load (0.4ms)[0m  SELECT  `users`.* FROM `users` WHERE `users`.`id` = 1  ORDER BY `users`.`id` ASC LIMIT 1
  Rendered welcome/index.html.erb within layouts/application (1.4ms)
Completed 200 OK in 70ms (Views: 67.6ms | ActiveRecord: 0.4ms)


Started DELETE "/users/sign_out" for 127.0.0.1 at 2015-09-06 11:47:27 +0700
Processing by Devise::SessionsController#destroy as HTML
  Parameters: {"authenticity_token"=>"4bIoyyFzaNSaA5I1BB6dc7OAQ1GguDoUnp6njQ4Jdhd5lreBdK989GLeb2o7tG9w5sehyUe6fUwKcshT9IebJg=="}
  [1m[36mFormUser Load (0.2ms)[0m  [1mSELECT  `users`.* FROM `users` WHERE `users`.`id` = 1  ORDER BY `users`.`id` ASC LIMIT 1[0m
  [1m[35m (0.2ms)[0m  BEGIN
  [1m[36m (0.1ms)[0m  [1mCOMMIT[0m
Redirected to http://localhost:3000/
Completed 302 Found in 12ms (ActiveRecord: 0.5ms)


Started GET "/" for 127.0.0.1 at 2015-09-06 11:47:27 +0700
Processing by WelcomeController#index as HTML
Completed 401 Unauthorized in 1ms (ActiveRecord: 0.0ms)


Started GET "/users/sign_in" for 127.0.0.1 at 2015-09-06 11:47:27 +0700
Processing by Devise::SessionsController#new as HTML
  Rendered devise/shared/_links.html.erb (1.3ms)
  Rendered devise/sessions/new.html.erb within layouts/application (5.0ms)
Completed 200 OK in 69ms (Views: 67.3ms | ActiveRecord: 0.0ms)


Started GET "/users/auth/facebook" for 127.0.0.1 at 2015-09-06 11:47:31 +0700
Processing by OmniauthCallbacksController#setup as HTML
  Parameters: {"provider"=>"facebook"}
  Rendered text template (0.0ms)
Completed 404 Not Found in 4ms (Views: 2.8ms | ActiveRecord: 0.0ms)


Started GET "/users/auth/facebook" for 127.0.0.1 at 2015-09-06 11:47:32 +0700
Processing by OmniauthCallbacksController#setup as HTML
  Parameters: {"provider"=>"facebook"}
  Rendered text template (0.1ms)
Completed 404 Not Found in 3ms (Views: 1.1ms | ActiveRecord: 0.0ms)


Started GET "/users/sign_in" for 127.0.0.1 at 2015-09-06 11:48:20 +0700
Processing by Devise::SessionsController#new as HTML
  Rendered devise/shared/_links.html.erb (1.4ms)
  Rendered devise/sessions/new.html.erb within layouts/application (6.9ms)
Completed 200 OK in 72ms (Views: 70.5ms | ActiveRecord: 0.0ms)


Started GET "/assets/omniauth_callbacks.self-e3b0c44298fc1c149afbf4c8996fb92427ae41e4649b934ca495991b7852b855.css?body=1" for 127.0.0.1 at 2015-09-06 11:48:20 +0700


Started GET "/assets/registrations.self-e3b0c44298fc1c149afbf4c8996fb92427ae41e4649b934ca495991b7852b855.css?body=1" for 127.0.0.1 at 2015-09-06 11:48:20 +0700


Started GET "/assets/jquery.self-a714331225dda820228db323939889f149aec0127aeb06255646b616ba1ca419.js?body=1" for 127.0.0.1 at 2015-09-06 11:48:20 +0700


Started GET "/assets/welcome.self-e3b0c44298fc1c149afbf4c8996fb92427ae41e4649b934ca495991b7852b855.css?body=1" for 127.0.0.1 at 2015-09-06 11:48:20 +0700


Started GET "/assets/application.self-e80e8f2318043e8af94dddc2adad5a4f09739a8ebb323b3ab31cd71d45fd9113.css?body=1" for 127.0.0.1 at 2015-09-06 11:48:20 +0700


Started GET "/assets/turbolinks.self-c37727e9bd6b2735da5c311aa83fead54ed0be6cc8bd9a65309e9c5abe2cbfff.js?body=1" for 127.0.0.1 at 2015-09-06 11:48:20 +0700


Started GET "/assets/jquery_ujs.self-d456baa54c1fa6be2ec3711f0a72ddf7a5b2f34a6b4f515f33767d6207b7d4b3.js?body=1" for 127.0.0.1 at 2015-09-06 11:48:20 +0700


Started GET "/assets/omniauth_callbacks.self-877aef30ae1b040ab8a3aba4e3e309a11d7f2612f44dde450b5c157aa5f95c05.js?body=1" for 127.0.0.1 at 2015-09-06 11:48:20 +0700


Started GET "/assets/registrations.self-877aef30ae1b040ab8a3aba4e3e309a11d7f2612f44dde450b5c157aa5f95c05.js?body=1" for 127.0.0.1 at 2015-09-06 11:48:20 +0700


Started GET "/assets/welcome.self-877aef30ae1b040ab8a3aba4e3e309a11d7f2612f44dde450b5c157aa5f95c05.js?body=1" for 127.0.0.1 at 2015-09-06 11:48:20 +0700


Started GET "/assets/application.self-3b8dabdc891efe46b9a144b400ad69e37d7e5876bdc39dee783419a69d7ca819.js?body=1" for 127.0.0.1 at 2015-09-06 11:48:20 +0700


Started GET "/users/sign_in" for 127.0.0.1 at 2015-09-06 11:48:28 +0700
  [1m[36mActiveRecord::SchemaMigration Load (0.1ms)[0m  [1mSELECT `schema_migrations`.* FROM `schema_migrations`[0m
Processing by Devise::SessionsController#new as HTML
  Rendered devise/shared/_links.html.erb (2.8ms)
  Rendered devise/sessions/new.html.erb within layouts/application (33.6ms)
Completed 200 OK in 356ms (Views: 308.0ms | ActiveRecord: 1.2ms)


Started GET "/assets/registrations.self-e3b0c44298fc1c149afbf4c8996fb92427ae41e4649b934ca495991b7852b855.css?body=1" for 127.0.0.1 at 2015-09-06 11:48:29 +0700


Started GET "/assets/welcome.self-e3b0c44298fc1c149afbf4c8996fb92427ae41e4649b934ca495991b7852b855.css?body=1" for 127.0.0.1 at 2015-09-06 11:48:29 +0700


Started GET "/assets/application.self-e80e8f2318043e8af94dddc2adad5a4f09739a8ebb323b3ab31cd71d45fd9113.css?body=1" for 127.0.0.1 at 2015-09-06 11:48:29 +0700


Started GET "/assets/omniauth_callbacks.self-e3b0c44298fc1c149afbf4c8996fb92427ae41e4649b934ca495991b7852b855.css?body=1" for 127.0.0.1 at 2015-09-06 11:48:29 +0700


Started GET "/assets/jquery_ujs.self-d456baa54c1fa6be2ec3711f0a72ddf7a5b2f34a6b4f515f33767d6207b7d4b3.js?body=1" for 127.0.0.1 at 2015-09-06 11:48:29 +0700


Started GET "/assets/turbolinks.self-c37727e9bd6b2735da5c311aa83fead54ed0be6cc8bd9a65309e9c5abe2cbfff.js?body=1" for 127.0.0.1 at 2015-09-06 11:48:29 +0700


Started GET "/assets/jquery.self-a714331225dda820228db323939889f149aec0127aeb06255646b616ba1ca419.js?body=1" for 127.0.0.1 at 2015-09-06 11:48:29 +0700


Started GET "/assets/omniauth_callbacks.self-877aef30ae1b040ab8a3aba4e3e309a11d7f2612f44dde450b5c157aa5f95c05.js?body=1" for 127.0.0.1 at 2015-09-06 11:48:29 +0700


Started GET "/assets/welcome.self-877aef30ae1b040ab8a3aba4e3e309a11d7f2612f44dde450b5c157aa5f95c05.js?body=1" for 127.0.0.1 at 2015-09-06 11:48:29 +0700


Started GET "/assets/application.self-3b8dabdc891efe46b9a144b400ad69e37d7e5876bdc39dee783419a69d7ca819.js?body=1" for 127.0.0.1 at 2015-09-06 11:48:29 +0700


Started GET "/assets/registrations.self-877aef30ae1b040ab8a3aba4e3e309a11d7f2612f44dde450b5c157aa5f95c05.js?body=1" for 127.0.0.1 at 2015-09-06 11:48:29 +0700


Started GET "/users/auth/facebook" for 127.0.0.1 at 2015-09-06 11:48:31 +0700
Processing by OmniauthCallbacksController#setup as HTML
  Parameters: {"provider"=>"facebook"}
  Rendered text template (0.0ms)
Completed 404 Not Found in 5ms (Views: 2.8ms | ActiveRecord: 0.0ms)


Started GET "/users/auth/facebook" for 127.0.0.1 at 2015-09-06 11:48:31 +0700
Processing by OmniauthCallbacksController#setup as HTML
  Parameters: {"provider"=>"facebook"}
  Rendered text template (0.0ms)
Completed 404 Not Found in 2ms (Views: 0.6ms | ActiveRecord: 0.0ms)


Started GET "/users/auth/facebook/callback?code=AQCLZjNqztRb9nLYZ5xmGIMMHJyhMWmoSzNu9-b-XIKdaqAZHkRxKgn39yYoT-SFn-QyrCGwWUVafqIF_O5yamC6xOgKN1FexRO9TngrEYHZar34YqBJO35AJqHxzPNIRs2tzh9bvQGbMukoL2Pyx7OHMI2crT0rtsHeT5Hua3OElgLs5uiU-zF4KQy2OAV1NtfRj9GZn62C_c8dLVn3e5Rmqu_hHYCiJHEdKtL5gAC5KXyU7xdfpXppy3T3RwowEe7Lh4KlvwOsKu6v-eOQqQJ6P7Xzk86BJ9qp7B7nytf8jbRwG21ORQCwqSyUYOBAIg5biTDvU6lHqHNxWfS_ZUmA&state=8553d7821bc35b64208590ee0e05725bd9357d8fe402a2c1" for 127.0.0.1 at 2015-09-06 11:48:31 +0700
Processing by OmniauthCallbacksController#setup as HTML
  Parameters: {"code"=>"AQCLZjNqztRb9nLYZ5xmGIMMHJyhMWmoSzNu9-b-XIKdaqAZHkRxKgn39yYoT-SFn-QyrCGwWUVafqIF_O5yamC6xOgKN1FexRO9TngrEYHZar34YqBJO35AJqHxzPNIRs2tzh9bvQGbMukoL2Pyx7OHMI2crT0rtsHeT5Hua3OElgLs5uiU-zF4KQy2OAV1NtfRj9GZn62C_c8dLVn3e5Rmqu_hHYCiJHEdKtL5gAC5KXyU7xdfpXppy3T3RwowEe7Lh4KlvwOsKu6v-eOQqQJ6P7Xzk86BJ9qp7B7nytf8jbRwG21ORQCwqSyUYOBAIg5biTDvU6lHqHNxWfS_ZUmA", "state"=>"8553d7821bc35b64208590ee0e05725bd9357d8fe402a2c1", "provider"=>"facebook"}
  Rendered text template (0.0ms)
Completed 404 Not Found in 2ms (Views: 0.5ms | ActiveRecord: 0.0ms)
Processing by OmniauthCallbacksController#facebook as HTML
  Parameters: {"code"=>"AQCLZjNqztRb9nLYZ5xmGIMMHJyhMWmoSzNu9-b-XIKdaqAZHkRxKgn39yYoT-SFn-QyrCGwWUVafqIF_O5yamC6xOgKN1FexRO9TngrEYHZar34YqBJO35AJqHxzPNIRs2tzh9bvQGbMukoL2Pyx7OHMI2crT0rtsHeT5Hua3OElgLs5uiU-zF4KQy2OAV1NtfRj9GZn62C_c8dLVn3e5Rmqu_hHYCiJHEdKtL5gAC5KXyU7xdfpXppy3T3RwowEe7Lh4KlvwOsKu6v-eOQqQJ6P7Xzk86BJ9qp7B7nytf8jbRwG21ORQCwqSyUYOBAIg5biTDvU6lHqHNxWfS_ZUmA", "state"=>"8553d7821bc35b64208590ee0e05725bd9357d8fe402a2c1"}
  [1m[35mIdentity Load (0.3ms)[0m  SELECT  `identities`.* FROM `identities` WHERE `identities`.`provider` = 'facebook' AND `identities`.`uid` = '802619389855591' LIMIT 1
  [1m[36m (0.1ms)[0m  [1mBEGIN[0m
  [1m[35mIdentity Exists (0.3ms)[0m  SELECT  1 AS one FROM `identities` WHERE (`identities`.`uid` = BINARY '802619389855591' AND `identities`.`provider` = 'facebook') LIMIT 1
  [1m[36mSQL (0.2ms)[0m  [1mINSERT INTO `identities` (`uid`, `provider`, `created_at`, `updated_at`) VALUES ('802619389855591', 'facebook', '2015-09-06 04:48:34', '2015-09-06 04:48:34')[0m
  [1m[35m (73.9ms)[0m  COMMIT
  [1m[36m (0.1ms)[0m  [1mBEGIN[0m
  [1m[35mIdentity Exists (0.4ms)[0m  SELECT  1 AS one FROM `identities` WHERE (`identities`.`uid` = BINARY '802619389855591' AND `identities`.`id` != 1 AND `identities`.`provider` = 'facebook') LIMIT 1
  [1m[36mSQL (0.3ms)[0m  [1mUPDATE `identities` SET `accesstoken` = 'CAAUZBKJtX6m0BADgN9KZA3m9Vq2IktUXDxrr3dTaTbLNNVoWuFtZCQ8dGepDWAE7Bwm3zSA0zabFzLYffvVTgKKv4hDJEg0EPt4OZCsimtGh6xrDau9nvKEhJPHrkdREIAqP2wZBCCHU57C02yucaJXyfK3ZCPlaiXAZANsaSUVLSvit04Tz4YkVqZCrPl5GAPAGkQZCZBBo0z2QZDZD', `name` = 'Wayne Phạm', `image` = 'http://graph.facebook.com/802619389855591/picture', `urls` = '\"\"', `updated_at` = '2015-09-06 04:48:34' WHERE `identities`.`id` = 1[0m
  [1m[35m (60.1ms)[0m  COMMIT
  [1m[36m (0.3ms)[0m  [1mBEGIN[0m
  [1m[35mSQL (0.2ms)[0m  INSERT INTO `users` (`created_at`, `updated_at`) VALUES ('2015-09-06 04:48:34', '2015-09-06 04:48:34')
  [1m[36m (37.2ms)[0m  [1mCOMMIT[0m
  [1m[35m (0.1ms)[0m  BEGIN
  [1m[36mSQL (0.3ms)[0m  [1mUPDATE `identities` SET `user_id` = 2, `updated_at` = '2015-09-06 04:48:34' WHERE `identities`.`id` = 1[0m
  [1m[35m (41.7ms)[0m  COMMIT
  [1m[36m (0.2ms)[0m  [1mBEGIN[0m
  [1m[35m (0.2ms)[0m  COMMIT
  [1m[36mFormUser Load (0.6ms)[0m  [1mSELECT  `users`.* FROM `users` WHERE `users`.`id` = 2 LIMIT 1[0m
  [1m[35m (0.2ms)[0m  BEGIN
  [1m[36mSQL (0.5ms)[0m  [1mUPDATE `users` SET `last_sign_in_at` = '2015-09-06 04:48:34', `current_sign_in_at` = '2015-09-06 04:48:34', `last_sign_in_ip` = '127.0.0.1', `current_sign_in_ip` = '127.0.0.1', `sign_in_count` = 1, `updated_at` = '2015-09-06 04:48:34' WHERE `users`.`id` = 2[0m
  [1m[35m (34.9ms)[0m  COMMIT
Redirected to http://localhost:3000/
Completed 302 Found in 357ms (ActiveRecord: 253.4ms)


Started GET "/" for 127.0.0.1 at 2015-09-06 11:48:34 +0700
Processing by WelcomeController#index as HTML
  [1m[36mFormUser Load (0.4ms)[0m  [1mSELECT  `users`.* FROM `users` WHERE `users`.`id` = 2  ORDER BY `users`.`id` ASC LIMIT 1[0m
  Rendered welcome/index.html.erb within layouts/application (0.8ms)
Completed 200 OK in 53ms (Views: 50.9ms | ActiveRecord: 0.4ms)


Started DELETE "/users/sign_out" for 127.0.0.1 at 2015-09-06 11:48:37 +0700
Processing by Devise::SessionsController#destroy as HTML
  Parameters: {"authenticity_token"=>"8Y93h1t55sY2aP0xxv7fLFtIk70r1Wyx2GkMX7e3cSzyiD2CyoaozFldRTG0ftDN4no4Xan+Ap/Oh19k+TETpQ=="}
  [1m[35mFormUser Load (0.2ms)[0m  SELECT  `users`.* FROM `users` WHERE `users`.`id` = 2  ORDER BY `users`.`id` ASC LIMIT 1
  [1m[36m (0.3ms)[0m  [1mBEGIN[0m
  [1m[35m (0.2ms)[0m  COMMIT
Redirected to http://localhost:3000/
Completed 302 Found in 10ms (ActiveRecord: 0.7ms)


Started GET "/" for 127.0.0.1 at 2015-09-06 11:48:37 +0700
Processing by WelcomeController#index as HTML
Completed 401 Unauthorized in 2ms (ActiveRecord: 0.0ms)


Started GET "/users/sign_in" for 127.0.0.1 at 2015-09-06 11:48:37 +0700
Processing by Devise::SessionsController#new as HTML
  Rendered devise/shared/_links.html.erb (1.7ms)
  Rendered devise/sessions/new.html.erb within layouts/application (5.3ms)
Completed 200 OK in 80ms (Views: 78.9ms | ActiveRecord: 0.0ms)


Started GET "/users/auth/facebook" for 127.0.0.1 at 2015-09-06 11:48:41 +0700
Processing by OmniauthCallbacksController#setup as HTML
  Parameters: {"provider"=>"facebook"}
  Rendered text template (0.0ms)
Completed 404 Not Found in 2ms (Views: 0.5ms | ActiveRecord: 0.0ms)


Started GET "/users/auth/facebook" for 127.0.0.1 at 2015-09-06 11:48:42 +0700
Processing by OmniauthCallbacksController#setup as HTML
  Parameters: {"provider"=>"facebook"}
  Rendered text template (0.1ms)
Completed 404 Not Found in 3ms (Views: 1.1ms | ActiveRecord: 0.0ms)


Started GET "/users/auth/facebook/callback?code=AQCLyPpU_e_iYepn8k-9G1_zSgntYJKaGHUYvnby_HJ7kHP739yahlW1wJbzuc4I5e8aQo9qiGl4QLFMf-mPgY4w-w7__xy2Ss_dpGCDtwhMhZu2HVZiHjblLUk0MMMDMrV666g9IqzEqCVXYbzZDcMnlX8ogrTrJvu6EzOqaaOsK38h4tEhlgnb_fAb3HRsOPPnJhb-wy6vfJ8RmB1qbQUB6_BS8BU8gGJ7Fd5OkM41Ir5HkJIhHS00EEECmRTQ2O51-xMtFTnFH18qLQ7NGTMuSucOPQ8dAVCziZFc2o3Nh5jKvZZ-l3GcFdEejZCrhZheEOVCjuw7HtoU0quS5zzI&state=136251c79eca812cbeae6c7bbce3d9fd0508c95a5f9fb87d" for 127.0.0.1 at 2015-09-06 11:48:42 +0700
Processing by OmniauthCallbacksController#setup as HTML
  Parameters: {"code"=>"AQCLyPpU_e_iYepn8k-9G1_zSgntYJKaGHUYvnby_HJ7kHP739yahlW1wJbzuc4I5e8aQo9qiGl4QLFMf-mPgY4w-w7__xy2Ss_dpGCDtwhMhZu2HVZiHjblLUk0MMMDMrV666g9IqzEqCVXYbzZDcMnlX8ogrTrJvu6EzOqaaOsK38h4tEhlgnb_fAb3HRsOPPnJhb-wy6vfJ8RmB1qbQUB6_BS8BU8gGJ7Fd5OkM41Ir5HkJIhHS00EEECmRTQ2O51-xMtFTnFH18qLQ7NGTMuSucOPQ8dAVCziZFc2o3Nh5jKvZZ-l3GcFdEejZCrhZheEOVCjuw7HtoU0quS5zzI", "state"=>"136251c79eca812cbeae6c7bbce3d9fd0508c95a5f9fb87d", "provider"=>"facebook"}
  Rendered text template (0.0ms)
Completed 404 Not Found in 2ms (Views: 0.6ms | ActiveRecord: 0.0ms)
Processing by OmniauthCallbacksController#facebook as HTML
  Parameters: {"code"=>"AQCLyPpU_e_iYepn8k-9G1_zSgntYJKaGHUYvnby_HJ7kHP739yahlW1wJbzuc4I5e8aQo9qiGl4QLFMf-mPgY4w-w7__xy2Ss_dpGCDtwhMhZu2HVZiHjblLUk0MMMDMrV666g9IqzEqCVXYbzZDcMnlX8ogrTrJvu6EzOqaaOsK38h4tEhlgnb_fAb3HRsOPPnJhb-wy6vfJ8RmB1qbQUB6_BS8BU8gGJ7Fd5OkM41Ir5HkJIhHS00EEECmRTQ2O51-xMtFTnFH18qLQ7NGTMuSucOPQ8dAVCziZFc2o3Nh5jKvZZ-l3GcFdEejZCrhZheEOVCjuw7HtoU0quS5zzI", "state"=>"136251c79eca812cbeae6c7bbce3d9fd0508c95a5f9fb87d"}
  [1m[36mIdentity Load (0.4ms)[0m  [1mSELECT  `identities`.* FROM `identities` WHERE `identities`.`provider` = 'facebook' AND `identities`.`uid` = '802619389855591' LIMIT 1[0m
  [1m[35m (0.1ms)[0m  BEGIN
  [1m[36mIdentity Exists (0.3ms)[0m  [1mSELECT  1 AS one FROM `identities` WHERE (`identities`.`uid` = BINARY '802619389855591' AND `identities`.`id` != 1 AND `identities`.`provider` = 'facebook') LIMIT 1[0m
  [1m[35mSQL (0.3ms)[0m  UPDATE `identities` SET `accesstoken` = 'CAAUZBKJtX6m0BAF5hxkkm55EzRpeBRMQn7WCUY0jWVSZC4wgSaY47UmXnSssicoIwrV9h1Q5qJy6PQ5EixJ82MY3Jb2ZCHWeDwa5nbXTPZAyrFXKAfVnrZAvmeZB4BxWxVYbH9ogoQzRjY6HE0CZCIGTR0NDmXGwv0AqVfP52muFsKuZBjOMIwTjjwATU9erRbb76dTaVKkEawZDZD', `updated_at` = '2015-09-06 04:48:44' WHERE `identities`.`id` = 1
  [1m[36m (35.4ms)[0m  [1mCOMMIT[0m
  [1m[35mUser Load (0.3ms)[0m  SELECT  `users`.* FROM `users` WHERE `users`.`id` = 2 LIMIT 1
  [1m[36m (0.1ms)[0m  [1mBEGIN[0m
  [1m[35m (0.1ms)[0m  COMMIT
  [1m[36mCACHE (0.0ms)[0m  [1mSELECT  `users`.* FROM `users` WHERE `users`.`id` = 2 LIMIT 1[0m  [["id", 2]]
  [1m[35m (0.1ms)[0m  BEGIN
  [1m[36mSQL (0.2ms)[0m  [1mUPDATE `users` SET `current_sign_in_at` = '2015-09-06 04:48:44', `sign_in_count` = 2, `updated_at` = '2015-09-06 04:48:44' WHERE `users`.`id` = 2[0m
  [1m[35m (35.0ms)[0m  COMMIT
Redirected to http://localhost:3000/
Completed 302 Found in 87ms (ActiveRecord: 72.3ms)


Started GET "/" for 127.0.0.1 at 2015-09-06 11:48:44 +0700
Processing by WelcomeController#index as HTML
  [1m[36mFormUser Load (0.5ms)[0m  [1mSELECT  `users`.* FROM `users` WHERE `users`.`id` = 2  ORDER BY `users`.`id` ASC LIMIT 1[0m
  Rendered welcome/index.html.erb within layouts/application (0.3ms)
Completed 200 OK in 76ms (Views: 72.7ms | ActiveRecord: 0.5ms)


Started GET "/" for 127.0.0.1 at 2015-09-06 11:50:06 +0700
Processing by WelcomeController#index as HTML
  [1m[35mFormUser Load (0.1ms)[0m  SELECT  `users`.* FROM `users` WHERE `users`.`id` = 2  ORDER BY `users`.`id` ASC LIMIT 1
  Rendered welcome/index.html.erb within layouts/application (0.5ms)
Completed 200 OK in 70ms (Views: 67.4ms | ActiveRecord: 0.1ms)
